<?xml version="1.0" encoding="UTF-8"?>
<!-- Generated by org.testng.reporters.JUnitReportReporter -->
<testsuite skipped="0" hostname="DESKTOP-1F7P7C3" name="Day21_Handling_SVG_Images.SVG_Image_Concept" tests="1" failures="0" timestamp="06 Jan 2021 05:43:58 GMT" time="27.018" errors="0">
  <testcase name="verifySVGImagesTest" time="27.018" classname="Day21_Handling_SVG_Images.SVG_Image_Concept"/>
</testsuite> <!-- Day21_Handling_SVG_Images.SVG_Image_Concept -->
