<?xml version="1.0" encoding="UTF-8"?>
<!-- Generated by org.testng.reporters.JUnitReportReporter -->
<testsuite skipped="0" hostname="DESKTOP-1F7P7C3" name="Day3_AssertionsInSelenium.Assertions_ByRahulShetty" tests="1" failures="0" timestamp="11 Nov 2020 14:53:23 GMT" time="9.283" errors="0">
  <testcase name="assertionsTest" time="9.283" classname="Day3_AssertionsInSelenium.Assertions_ByRahulShetty"/>
</testsuite> <!-- Day3_AssertionsInSelenium.Assertions_ByRahulShetty -->
