<?xml version="1.0" encoding="UTF-8"?>
<!-- Generated by org.testng.reporters.JUnitReportReporter -->
<testsuite skipped="0" hostname="DESKTOP-1F7P7C3" name="Day5_DropdownsInSelenium.Case6_SelectMultipleValuesInDropDown" tests="1" failures="0" timestamp="12 Nov 2020 00:48:53 GMT" time="14.463" errors="0">
  <testcase name="slectMultipleDropDownValueTest" time="14.463" classname="Day5_DropdownsInSelenium.Case6_SelectMultipleValuesInDropDown"/>
</testsuite> <!-- Day5_DropdownsInSelenium.Case6_SelectMultipleValuesInDropDown -->
