<?xml version="1.0" encoding="UTF-8"?>
<!-- Generated by org.testng.reporters.JUnitReportReporter -->
<testsuite skipped="0" hostname="DESKTOP-1F7P7C3" name="Day1_WebDriverCommands.test" tests="1" failures="0" timestamp="04 Dec 2020 00:11:01 GMT" time="16.921" errors="0">
  <testcase name="basicCommandsTest" time="16.921" classname="Day1_WebDriverCommands.test"/>
</testsuite> <!-- Day1_WebDriverCommands.test -->
