<?xml version="1.0" encoding="UTF-8"?>
<!-- Generated by org.testng.reporters.JUnitReportReporter -->
<testsuite skipped="0" hostname="DESKTOP-1F7P7C3" name="database_Testing_Using_MySQL.ConnectMySQL" tests="1" failures="0" timestamp="18 Jan 2021 05:06:51 GMT" time="1.772" errors="0">
  <testcase name="testDb" time="1.772" classname="database_Testing_Using_MySQL.ConnectMySQL"/>
</testsuite> <!-- database_Testing_Using_MySQL.ConnectMySQL -->
